<?xml version="1.0" encoding="UTF-8"?>
<!-- Generated by org.testng.reporters.JUnitReportReporter -->
<testsuite hostname="Admin-PC" failures="0" tests="1" name="parallelExecution.Myclass2" time="60.287" errors="0" timestamp="2022-06-14T13:17:49 IST" skipped="0">
  <testcase classname="parallelExecution.Myclass2" name="method2" time="60.287"/>
  <system-out>
    <![CDATA[method 2 is running]]>
  </system-out>
</testsuite> <!-- parallelExecution.Myclass2 -->
