<?xml version="1.0" encoding="UTF-8"?>
<!-- Generated by org.testng.reporters.JUnitReportReporter -->
<testsuite hostname="Admin-PC" failures="0" tests="1" name="verificationusingTestng.AssertEqualsandAssertNotEquals" time="0.020" errors="0" timestamp="2022-06-15T21:15:47 IST" skipped="0">
  <testcase classname="verificationusingTestng.AssertEqualsandAssertNotEquals" name="myMethod" time="0.020"/>
  <system-out>
    <![CDATA[string isnt matching tc failed]]>
  </system-out>
</testsuite> <!-- verificationusingTestng.AssertEqualsandAssertNotEquals -->
