<?xml version="1.0" encoding="UTF-8"?>
<!-- Generated by org.testng.reporters.JUnitReportReporter -->
<testsuite hostname="Admin-PC" failures="0" tests="7" name="TestngKeywords.InvocationCountStudy" time="0.042" errors="0" timestamp="2022-06-13T14:21:14 IST" skipped="0">
  <testcase classname="TestngKeywords.InvocationCountStudy" name="D" time="0.003"/>
  <system-out>
    <![CDATA[method D is running]]>
  </system-out>
  <testcase classname="TestngKeywords.InvocationCountStudy" name="E" time="0.003"/>
  <system-out>
    <![CDATA[method E is running]]>
  </system-out>
  <testcase classname="TestngKeywords.InvocationCountStudy" name="A" time="0.004"/>
  <system-out>
    <![CDATA[method A is running]]>
  </system-out>
  <testcase classname="TestngKeywords.InvocationCountStudy" name="C" time="0.005"/>
  <system-out>
    <![CDATA[method C is running]]>
  </system-out>
  <testcase classname="TestngKeywords.InvocationCountStudy" name="B" time="0.002"/>
  <system-out>
    <![CDATA[method B is running]]>
  </system-out>
  <testcase classname="TestngKeywords.InvocationCountStudy" name="A" time="0.022"/>
  <system-out>
    <![CDATA[method A is running]]>
  </system-out>
  <testcase classname="TestngKeywords.InvocationCountStudy" name="A" time="0.003"/>
  <system-out>
    <![CDATA[method A is running]]>
  </system-out>
</testsuite> <!-- TestngKeywords.InvocationCountStudy -->
