<?xml version="1.0" encoding="UTF-8"?>
<!-- Generated by org.testng.reporters.JUnitReportReporter -->
<testsuite hostname="Admin-PC" failures="0" tests="5" name="TestngKeywords.IsEnabledUse" time="0.029" errors="0" timestamp="2022-06-13T14:26:49 IST" skipped="1">
  <testcase classname="TestngKeywords.IsEnabledUse" name="E" time="0.002"/>
  <system-out>
    <![CDATA[method E is running]]>
  </system-out>
  <testcase classname="TestngKeywords.IsEnabledUse" name="D" time="0.002"/>
  <system-out>
    <![CDATA[method D is running]]>
  </system-out>
  <testcase classname="TestngKeywords.IsEnabledUse" name="A" time="0.020"/>
  <system-out>
    <![CDATA[method A is running]]>
  </system-out>
  <testcase classname="TestngKeywords.IsEnabledUse" name="C" time="0.005"/>
  <system-out>
    <![CDATA[method C is running]]>
  </system-out>
  <testcase classname="TestngKeywords.IsEnabledUse" name="B">
    <skipped/>
  </testcase> <!-- B -->
  <system-out/>
</testsuite> <!-- TestngKeywords.IsEnabledUse -->
