<?xml version="1.0" encoding="UTF-8"?>
<!-- Generated by org.testng.reporters.JUnitReportReporter -->
<testsuite hostname="Admin-PC" failures="0" tests="1" name="verificationusingTestng.Verification" time="23.435" errors="0" timestamp="2022-06-15T21:02:27 IST" skipped="0">
  <testcase classname="verificationusingTestng.Verification" name="mtTC" time="23.435"/>
  <system-out>
    <![CDATA[checkbox is selected TC is passed]]>
  </system-out>
</testsuite> <!-- verificationusingTestng.Verification -->
