<?xml version="1.0" encoding="UTF-8"?>
<!-- Generated by org.testng.reporters.JUnitReportReporter -->
<testsuite hostname="Admin-PC" failures="0" tests="1" name="parallelExecution.Myclass1" time="33.340" errors="0" timestamp="2022-06-14T13:17:49 IST" skipped="0">
  <testcase classname="parallelExecution.Myclass1" name="method1" time="33.340"/>
  <system-out/>
</testsuite> <!-- parallelExecution.Myclass1 -->
