<?xml version="1.0" encoding="UTF-8"?>
<!-- Generated by org.testng.reporters.JUnitReportReporter -->
<testsuite hostname="Admin-PC" failures="0" tests="1" name="TestNG.NewTest" time="17.363" errors="0" timestamp="2022-06-09T13:48:32 IST" skipped="0">
  <testcase classname="TestNG.NewTest" name="method3" time="17.363"/>
  <system-out>
    <![CDATA[method 3 is running]]>
  </system-out>
</testsuite> <!-- TestNG.NewTest -->
