<?xml version="1.0" encoding="UTF-8"?>
<!-- Generated by org.testng.reporters.JUnitReportReporter -->
<testsuite hostname="Admin-PC" failures="0" tests="5" name="xmlStudy.Mytest1" time="0.013" errors="0" timestamp="2022-06-14T11:42:21 IST" skipped="0">
  <testcase classname="xmlStudy.Mytest1" name="myMethod8" time="0.002"/>
  <system-out>
    <![CDATA[my method8 is running]]>
  </system-out>
  <testcase classname="xmlStudy.Mytest1" name="myMethod6" time="0.001"/>
  <system-out>
    <![CDATA[my method6 is running]]>
  </system-out>
  <testcase classname="xmlStudy.Mytest1" name="myMethod10" time="0.005"/>
  <system-out>
    <![CDATA[my method10 is running]]>
  </system-out>
  <testcase classname="xmlStudy.Mytest1" name="myMethod9" time="0.002"/>
  <system-out>
    <![CDATA[my method9 is running]]>
  </system-out>
  <testcase classname="xmlStudy.Mytest1" name="myMethod7" time="0.003"/>
  <system-out>
    <![CDATA[my method7 is running]]>
  </system-out>
</testsuite> <!-- xmlStudy.Mytest1 -->
