<?xml version="1.0" encoding="UTF-8"?>
<!-- Generated by org.testng.reporters.JUnitReportReporter -->
<testsuite hostname="Admin-PC" failures="0" tests="2" name="testNGlistener.Mumbai" time="0.011" errors="0" timestamp="2022-06-23T12:53:36 IST" skipped="0">
  <testcase classname="testNGlistener.Mumbai" name="ghansoli" time="0.006"/>
  <system-out>
    <![CDATA[ghansoli is running
TC is passed ,screenshot is taken]]>
  </system-out>
  <testcase classname="testNGlistener.Mumbai" name="sanpada" time="0.005"/>
  <system-out>
    <![CDATA[sanpada is running
TC is passed ,screenshot is taken]]>
  </system-out>
</testsuite> <!-- testNGlistener.Mumbai -->
