<?xml version="1.0" encoding="UTF-8"?>
<!-- Generated by org.testng.reporters.JUnitReportReporter -->
<testsuite hostname="Admin-PC" failures="0" tests="1" name="seriallyExecution.Myclass3" time="19.028" errors="0" timestamp="2022-06-14T13:28:35 IST" skipped="0">
  <testcase classname="seriallyExecution.Myclass3" name="method3" time="19.028"/>
  <system-out>
    <![CDATA[method 3 is running]]>
  </system-out>
</testsuite> <!-- seriallyExecution.Myclass3 -->
