<?xml version="1.0" encoding="UTF-8"?>
<!-- Generated by org.testng.reporters.JUnitReportReporter -->
<testsuite hostname="Admin-PC" failures="0" tests="1" name="parallelExecution.Myclass3" time="34.108" errors="0" timestamp="2022-06-14T13:17:48 IST" skipped="0">
  <testcase classname="parallelExecution.Myclass3" name="method3" time="34.108"/>
  <system-out>
    <![CDATA[method 3 is running]]>
  </system-out>
</testsuite> <!-- parallelExecution.Myclass3 -->
