<?xml version="1.0" encoding="UTF-8"?>
<!-- Generated by org.testng.reporters.JUnitReportReporter -->
<testsuite hostname="Admin-PC" failures="0" tests="1" name="seriallyExecution.Myclass1" time="14.275" errors="0" timestamp="2022-06-14T13:28:35 IST" skipped="0">
  <testcase classname="seriallyExecution.Myclass1" name="method1" time="14.275"/>
  <system-out/>
</testsuite> <!-- seriallyExecution.Myclass1 -->
