<?xml version="1.0" encoding="UTF-8"?>
<!-- Generated by org.testng.reporters.JUnitReportReporter -->
<testsuite hostname="Admin-PC" failures="0" tests="1" name="kiteWithExcel1.TestClassUsingTestNG" time="10.315" errors="0" timestamp="2022-06-20T22:05:52 IST" skipped="0">
  <testcase classname="kiteWithExcel1.TestClassUsingTestNG" name="verifyKiteUserName" time="10.315"/>
  <system-out>
    <![CDATA[validating userid
expectedUserId and actualuserid matching tc PASSED]]>
  </system-out>
</testsuite> <!-- kiteWithExcel1.TestClassUsingTestNG -->
