<?xml version="1.0" encoding="UTF-8"?>
<!-- Generated by org.testng.reporters.JUnitReportReporter -->
<testsuite hostname="Admin-PC" failures="0" tests="1" name="SoftAssert.AssertTrueandAssertfalse" time="0.023" errors="0" timestamp="2022-06-16T21:29:35 IST" skipped="0">
  <testcase classname="SoftAssert.AssertTrueandAssertfalse" name="myMethod" time="0.023"/>
  <system-out/>
</testsuite> <!-- SoftAssert.AssertTrueandAssertfalse -->
