<?xml version="1.0" encoding="UTF-8"?>
<!-- Generated by org.testng.reporters.JUnitReportReporter -->
<testsuite hostname="Admin-PC" failures="0" tests="1" name="xmlStudy.MytestGrouping2" time="0.003" errors="0" timestamp="2022-06-14T11:38:41 IST" skipped="0">
  <testcase classname="xmlStudy.MytestGrouping2" name="myMethod9" time="0.003"/>
  <system-out>
    <![CDATA[my method9 sanity is running]]>
  </system-out>
</testsuite> <!-- xmlStudy.MytestGrouping2 -->
