<?xml version="1.0" encoding="UTF-8"?>
<!-- Generated by org.testng.reporters.JUnitReportReporter -->
<testsuite hostname="Admin-PC" failures="0" tests="1" name="seriallyExecution.Myclass2" time="27.334" errors="0" timestamp="2022-06-14T13:28:35 IST" skipped="0">
  <testcase classname="seriallyExecution.Myclass2" name="method2" time="27.334"/>
  <system-out>
    <![CDATA[method 2 is running]]>
  </system-out>
</testsuite> <!-- seriallyExecution.Myclass2 -->
