<?xml version="1.0" encoding="UTF-8"?>
<!-- Generated by org.testng.reporters.JUnitReportReporter -->
<testsuite hostname="Admin-PC" failures="0" tests="2" name="testNGlistener.MyTestClass" time="0.022" errors="0" timestamp="2022-06-23T12:36:42 IST" skipped="0">
  <testcase classname="testNGlistener.MyTestClass" name="myMethod" time="0.008"/>
  <system-out>
    <![CDATA[hi GM]]>
  </system-out>
  <testcase classname="testNGlistener.MyTestClass" name="myTest" time="0.014"/>
  <system-out/>
</testsuite> <!-- testNGlistener.MyTestClass -->
