<?xml version="1.0" encoding="UTF-8"?>
<!-- Generated by org.testng.reporters.JUnitReportReporter -->
<testsuite hostname="Admin-PC" failures="0" tests="1" name="kiteAppTestClasses.ValidateKiteUserId" time="23.302" errors="0" timestamp="2022-06-22T08:03:22 IST" skipped="0">
  <testcase classname="kiteAppTestClasses.ValidateKiteUserId" name="validateUsername" time="23.302"/>
  <system-out>
    <![CDATA[TC is PASSED actual and expected UIDs are matching]]>
  </system-out>
</testsuite> <!-- kiteAppTestClasses.ValidateKiteUserId -->
