<?xml version="1.0" encoding="UTF-8"?>
<!-- Generated by org.testng.reporters.JUnitReportReporter -->
<testsuite hostname="Admin-PC" failures="0" tests="2" name="xmlStudy.MyTestGrouping" time="0.017" errors="0" timestamp="2022-06-14T11:38:41 IST" skipped="0">
  <testcase classname="xmlStudy.MyTestGrouping" name="myMethod1" time="0.012"/>
  <system-out>
    <![CDATA[my method1 sanity is running]]>
  </system-out>
  <testcase classname="xmlStudy.MyTestGrouping" name="myMethod3" time="0.005"/>
  <system-out>
    <![CDATA[my method3 sanity is running]]>
  </system-out>
</testsuite> <!-- xmlStudy.MyTestGrouping -->
